Analysis & Synthesis report for BitLocker
Sat Oct 09 16:15:10 2021
Quartus Prime Version 20.1.1 Build 720 11/11/2020 SJ Lite Edition


---------------------
; Table of Contents ;
---------------------
  1. Legal Notice
  2. Analysis & Synthesis Summary
  3. Analysis & Synthesis Settings
  4. Parallel Compilation
  5. Analysis & Synthesis Source Files Read
  6. Analysis & Synthesis Resource Usage Summary
  7. Analysis & Synthesis Resource Utilization by Entity
  8. Registers Removed During Synthesis
  9. General Register Statistics
 10. Inverted Register Statistics
 11. Parameter Settings for Inferred Entity Instance: lpm_divide:Div0
 12. Parameter Settings for Inferred Entity Instance: lpm_divide:Mod0
 13. Port Connectivity Checks: "debounce:k1"
 14. Port Connectivity Checks: "LED_SEG_OUTPUT:o1"
 15. Post-Synthesis Netlist Statistics for Top Partition
 16. Elapsed Time Per Partition
 17. Analysis & Synthesis Messages



----------------
; Legal Notice ;
----------------
Copyright (C) 2020  Intel Corporation. All rights reserved.
Your use of Intel Corporation's design tools, logic functions 
and other software and tools, and any partner logic 
functions, and any output files from any of the foregoing 
(including device programming or simulation files), and any 
associated documentation or information are expressly subject 
to the terms and conditions of the Intel Program License 
Subscription Agreement, the Intel Quartus Prime License Agreement,
the Intel FPGA IP License Agreement, or other applicable license
agreement, including, without limitation, that your use is for
the sole purpose of programming logic devices manufactured by
Intel and sold by Intel or its authorized distributors.  Please
refer to the applicable agreement for further details, at
https://fpgasoftware.intel.com/eula.



+----------------------------------------------------------------------------------+
; Analysis & Synthesis Summary                                                     ;
+------------------------------------+---------------------------------------------+
; Analysis & Synthesis Status        ; Successful - Sat Oct 09 16:15:10 2021       ;
; Quartus Prime Version              ; 20.1.1 Build 720 11/11/2020 SJ Lite Edition ;
; Revision Name                      ; BitLocker                                   ;
; Top-level Entity Name              ; BitLocker                                   ;
; Family                             ; MAX 10                                      ;
; Total logic elements               ; 93                                          ;
;     Total combinational functions  ; 89                                          ;
;     Dedicated logic registers      ; 31                                          ;
; Total registers                    ; 31                                          ;
; Total pins                         ; 38                                          ;
; Total virtual pins                 ; 0                                           ;
; Total memory bits                  ; 0                                           ;
; Embedded Multiplier 9-bit elements ; 0                                           ;
; Total PLLs                         ; 0                                           ;
; UFM blocks                         ; 0                                           ;
; ADC blocks                         ; 0                                           ;
+------------------------------------+---------------------------------------------+


+------------------------------------------------------------------------------------------------------------+
; Analysis & Synthesis Settings                                                                              ;
+------------------------------------------------------------------+--------------------+--------------------+
; Option                                                           ; Setting            ; Default Value      ;
+------------------------------------------------------------------+--------------------+--------------------+
; Device                                                           ; 10M02SCM153I7G     ;                    ;
; Top-level entity name                                            ; BitLocker          ; BitLocker          ;
; Family name                                                      ; MAX 10             ; Cyclone V          ;
; Use smart compilation                                            ; Off                ; Off                ;
; Enable parallel Assembler and Timing Analyzer during compilation ; On                 ; On                 ;
; Enable compact report table                                      ; Off                ; Off                ;
; Restructure Multiplexers                                         ; Auto               ; Auto               ;
; Create Debugging Nodes for IP Cores                              ; Off                ; Off                ;
; Preserve fewer node names                                        ; On                 ; On                 ;
; Intel FPGA IP Evaluation Mode                                    ; Enable             ; Enable             ;
; Verilog Version                                                  ; Verilog_2001       ; Verilog_2001       ;
; VHDL Version                                                     ; VHDL_1993          ; VHDL_1993          ;
; State Machine Processing                                         ; Auto               ; Auto               ;
; Safe State Machine                                               ; Off                ; Off                ;
; Extract Verilog State Machines                                   ; On                 ; On                 ;
; Extract VHDL State Machines                                      ; On                 ; On                 ;
; Ignore Verilog initial constructs                                ; Off                ; Off                ;
; Iteration limit for constant Verilog loops                       ; 5000               ; 5000               ;
; Iteration limit for non-constant Verilog loops                   ; 250                ; 250                ;
; Add Pass-Through Logic to Inferred RAMs                          ; On                 ; On                 ;
; Infer RAMs from Raw Logic                                        ; On                 ; On                 ;
; Parallel Synthesis                                               ; On                 ; On                 ;
; DSP Block Balancing                                              ; Auto               ; Auto               ;
; NOT Gate Push-Back                                               ; On                 ; On                 ;
; Power-Up Don't Care                                              ; On                 ; On                 ;
; Remove Redundant Logic Cells                                     ; Off                ; Off                ;
; Remove Duplicate Registers                                       ; On                 ; On                 ;
; Ignore CARRY Buffers                                             ; Off                ; Off                ;
; Ignore CASCADE Buffers                                           ; Off                ; Off                ;
; Ignore GLOBAL Buffers                                            ; Off                ; Off                ;
; Ignore ROW GLOBAL Buffers                                        ; Off                ; Off                ;
; Ignore LCELL Buffers                                             ; Off                ; Off                ;
; Ignore SOFT Buffers                                              ; On                 ; On                 ;
; Limit AHDL Integers to 32 Bits                                   ; Off                ; Off                ;
; Optimization Technique                                           ; Balanced           ; Balanced           ;
; Carry Chain Length                                               ; 70                 ; 70                 ;
; Auto Carry Chains                                                ; On                 ; On                 ;
; Auto Open-Drain Pins                                             ; On                 ; On                 ;
; Perform WYSIWYG Primitive Resynthesis                            ; Off                ; Off                ;
; Auto ROM Replacement                                             ; On                 ; On                 ;
; Auto RAM Replacement                                             ; On                 ; On                 ;
; Auto DSP Block Replacement                                       ; On                 ; On                 ;
; Auto Shift Register Replacement                                  ; Auto               ; Auto               ;
; Allow Shift Register Merging across Hierarchies                  ; Auto               ; Auto               ;
; Auto Clock Enable Replacement                                    ; On                 ; On                 ;
; Strict RAM Replacement                                           ; Off                ; Off                ;
; Allow Synchronous Control Signals                                ; On                 ; On                 ;
; Force Use of Synchronous Clear Signals                           ; Off                ; Off                ;
; Auto RAM Block Balancing                                         ; On                 ; On                 ;
; Auto RAM to Logic Cell Conversion                                ; Off                ; Off                ;
; Auto Resource Sharing                                            ; Off                ; Off                ;
; Allow Any RAM Size For Recognition                               ; Off                ; Off                ;
; Allow Any ROM Size For Recognition                               ; Off                ; Off                ;
; Allow Any Shift Register Size For Recognition                    ; Off                ; Off                ;
; Use LogicLock Constraints during Resource Balancing              ; On                 ; On                 ;
; Ignore translate_off and synthesis_off directives                ; Off                ; Off                ;
; Timing-Driven Synthesis                                          ; On                 ; On                 ;
; Report Parameter Settings                                        ; On                 ; On                 ;
; Report Source Assignments                                        ; On                 ; On                 ;
; Report Connectivity Checks                                       ; On                 ; On                 ;
; Ignore Maximum Fan-Out Assignments                               ; Off                ; Off                ;
; Synchronization Register Chain Length                            ; 2                  ; 2                  ;
; Power Optimization During Synthesis                              ; Normal compilation ; Normal compilation ;
; HDL message level                                                ; Level2             ; Level2             ;
; Suppress Register Optimization Related Messages                  ; Off                ; Off                ;
; Number of Removed Registers Reported in Synthesis Report         ; 5000               ; 5000               ;
; Number of Swept Nodes Reported in Synthesis Report               ; 5000               ; 5000               ;
; Number of Inverted Registers Reported in Synthesis Report        ; 100                ; 100                ;
; Clock MUX Protection                                             ; On                 ; On                 ;
; Auto Gated Clock Conversion                                      ; Off                ; Off                ;
; Block Design Naming                                              ; Auto               ; Auto               ;
; SDC constraint protection                                        ; Off                ; Off                ;
; Synthesis Effort                                                 ; Auto               ; Auto               ;
; Shift Register Replacement - Allow Asynchronous Clear Signal     ; On                 ; On                 ;
; Pre-Mapping Resynthesis Optimization                             ; Off                ; Off                ;
; Analysis & Synthesis Message Level                               ; Medium             ; Medium             ;
; Disable Register Merging Across Hierarchies                      ; Auto               ; Auto               ;
; Resource Aware Inference For Block RAM                           ; On                 ; On                 ;
+------------------------------------------------------------------+--------------------+--------------------+


+------------------------------------------+
; Parallel Compilation                     ;
+----------------------------+-------------+
; Processors                 ; Number      ;
+----------------------------+-------------+
; Number detected on machine ; 16          ;
; Maximum allowed            ; 8           ;
;                            ;             ;
; Average used               ; 1.00        ;
; Maximum used               ; 8           ;
;                            ;             ;
; Usage by Processor         ; % Time Used ;
;     Processor 1            ; 100.0%      ;
;     Processors 2-8         ;   0.0%      ;
+----------------------------+-------------+


+--------------------------------------------------------------------------------------------------------------------------------------------------------------------------+
; Analysis & Synthesis Source Files Read                                                                                                                                   ;
+----------------------------------+-----------------+------------------------------+----------------------------------------------------------------------------+---------+
; File Name with User-Entered Path ; Used in Netlist ; File Type                    ; File Name with Absolute Path                                               ; Library ;
+----------------------------------+-----------------+------------------------------+----------------------------------------------------------------------------+---------+
; BitLocker.v                      ; yes             ; User Verilog HDL File        ; D:/works/FPGA/BitLocker/BitLocker.v                                        ;         ;
; lpm_divide.tdf                   ; yes             ; Megafunction                 ; c:/intelfpga_lite/20.1/quartus/libraries/megafunctions/lpm_divide.tdf      ;         ;
; abs_divider.inc                  ; yes             ; Megafunction                 ; c:/intelfpga_lite/20.1/quartus/libraries/megafunctions/abs_divider.inc     ;         ;
; sign_div_unsign.inc              ; yes             ; Megafunction                 ; c:/intelfpga_lite/20.1/quartus/libraries/megafunctions/sign_div_unsign.inc ;         ;
; aglobal201.inc                   ; yes             ; Megafunction                 ; c:/intelfpga_lite/20.1/quartus/libraries/megafunctions/aglobal201.inc      ;         ;
; db/lpm_divide_6sl.tdf            ; yes             ; Auto-Generated Megafunction  ; D:/works/FPGA/BitLocker/db/lpm_divide_6sl.tdf                              ;         ;
; db/sign_div_unsign_8kh.tdf       ; yes             ; Auto-Generated Megafunction  ; D:/works/FPGA/BitLocker/db/sign_div_unsign_8kh.tdf                         ;         ;
; db/alt_u_div_qee.tdf             ; yes             ; Auto-Generated Megafunction  ; D:/works/FPGA/BitLocker/db/alt_u_div_qee.tdf                               ;         ;
; db/add_sub_t3c.tdf               ; yes             ; Auto-Generated Megafunction  ; D:/works/FPGA/BitLocker/db/add_sub_t3c.tdf                                 ;         ;
; db/add_sub_u3c.tdf               ; yes             ; Auto-Generated Megafunction  ; D:/works/FPGA/BitLocker/db/add_sub_u3c.tdf                                 ;         ;
; db/lpm_divide_9kl.tdf            ; yes             ; Auto-Generated Megafunction  ; D:/works/FPGA/BitLocker/db/lpm_divide_9kl.tdf                              ;         ;
+----------------------------------+-----------------+------------------------------+----------------------------------------------------------------------------+---------+


+---------------------------------------------------------+
; Analysis & Synthesis Resource Usage Summary             ;
+---------------------------------------------+-----------+
; Resource                                    ; Usage     ;
+---------------------------------------------+-----------+
; Estimated Total logic elements              ; 93        ;
;                                             ;           ;
; Total combinational functions               ; 89        ;
; Logic element usage by number of LUT inputs ;           ;
;     -- 4 input functions                    ; 18        ;
;     -- 3 input functions                    ; 12        ;
;     -- <=2 input functions                  ; 59        ;
;                                             ;           ;
; Logic elements by mode                      ;           ;
;     -- normal mode                          ; 52        ;
;     -- arithmetic mode                      ; 37        ;
;                                             ;           ;
; Total registers                             ; 31        ;
;     -- Dedicated logic registers            ; 31        ;
;     -- I/O registers                        ; 0         ;
;                                             ;           ;
; I/O pins                                    ; 38        ;
;                                             ;           ;
; Embedded Multiplier 9-bit elements          ; 0         ;
;                                             ;           ;
; Maximum fan-out node                        ; clk~input ;
; Maximum fan-out                             ; 23        ;
; Total fan-out                               ; 375       ;
; Average fan-out                             ; 1.91      ;
+---------------------------------------------+-----------+


+-----------------------------------------------------------------------------------------------------------------------------------------------------------------------------------------------------------------------------------------------------------------------------------------------------------------------------------------------+
; Analysis & Synthesis Resource Utilization by Entity                                                                                                                                                                                                                                                                                           ;
+----------------------------------------+---------------------+---------------------------+-------------+------------+--------------+---------+-----------+------+--------------+------------+------------------------------------------------------------------------------------------------------------+---------------------+--------------+
; Compilation Hierarchy Node             ; Combinational ALUTs ; Dedicated Logic Registers ; Memory Bits ; UFM Blocks ; DSP Elements ; DSP 9x9 ; DSP 18x18 ; Pins ; Virtual Pins ; ADC blocks ; Full Hierarchy Name                                                                                        ; Entity Name         ; Library Name ;
+----------------------------------------+---------------------+---------------------------+-------------+------------+--------------+---------+-----------+------+--------------+------------+------------------------------------------------------------------------------------------------------------+---------------------+--------------+
; |BitLocker                             ; 89 (11)             ; 31 (6)                    ; 0           ; 0          ; 0            ; 0       ; 0         ; 38   ; 0            ; 0          ; |BitLocker                                                                                                 ; BitLocker           ; work         ;
;    |LED_SEG_OUTPUT:o1|                 ; 10 (10)             ; 0 (0)                     ; 0           ; 0          ; 0            ; 0       ; 0         ; 0    ; 0            ; 0          ; |BitLocker|LED_SEG_OUTPUT:o1                                                                               ; LED_SEG_OUTPUT      ; work         ;
;    |debounce:k1|                       ; 29 (29)             ; 25 (25)                   ; 0           ; 0          ; 0            ; 0       ; 0         ; 0    ; 0            ; 0          ; |BitLocker|debounce:k1                                                                                     ; debounce            ; work         ;
;    |lpm_divide:Div0|                   ; 17 (0)              ; 0 (0)                     ; 0           ; 0          ; 0            ; 0       ; 0         ; 0    ; 0            ; 0          ; |BitLocker|lpm_divide:Div0                                                                                 ; lpm_divide          ; work         ;
;       |lpm_divide_6sl:auto_generated|  ; 17 (0)              ; 0 (0)                     ; 0           ; 0          ; 0            ; 0       ; 0         ; 0    ; 0            ; 0          ; |BitLocker|lpm_divide:Div0|lpm_divide_6sl:auto_generated                                                   ; lpm_divide_6sl      ; work         ;
;          |sign_div_unsign_8kh:divider| ; 17 (0)              ; 0 (0)                     ; 0           ; 0          ; 0            ; 0       ; 0         ; 0    ; 0            ; 0          ; |BitLocker|lpm_divide:Div0|lpm_divide_6sl:auto_generated|sign_div_unsign_8kh:divider                       ; sign_div_unsign_8kh ; work         ;
;             |alt_u_div_qee:divider|    ; 17 (17)             ; 0 (0)                     ; 0           ; 0          ; 0            ; 0       ; 0         ; 0    ; 0            ; 0          ; |BitLocker|lpm_divide:Div0|lpm_divide_6sl:auto_generated|sign_div_unsign_8kh:divider|alt_u_div_qee:divider ; alt_u_div_qee       ; work         ;
;    |lpm_divide:Mod0|                   ; 22 (0)              ; 0 (0)                     ; 0           ; 0          ; 0            ; 0       ; 0         ; 0    ; 0            ; 0          ; |BitLocker|lpm_divide:Mod0                                                                                 ; lpm_divide          ; work         ;
;       |lpm_divide_9kl:auto_generated|  ; 22 (0)              ; 0 (0)                     ; 0           ; 0          ; 0            ; 0       ; 0         ; 0    ; 0            ; 0          ; |BitLocker|lpm_divide:Mod0|lpm_divide_9kl:auto_generated                                                   ; lpm_divide_9kl      ; work         ;
;          |sign_div_unsign_8kh:divider| ; 22 (0)              ; 0 (0)                     ; 0           ; 0          ; 0            ; 0       ; 0         ; 0    ; 0            ; 0          ; |BitLocker|lpm_divide:Mod0|lpm_divide_9kl:auto_generated|sign_div_unsign_8kh:divider                       ; sign_div_unsign_8kh ; work         ;
;             |alt_u_div_qee:divider|    ; 22 (22)             ; 0 (0)                     ; 0           ; 0          ; 0            ; 0       ; 0         ; 0    ; 0            ; 0          ; |BitLocker|lpm_divide:Mod0|lpm_divide_9kl:auto_generated|sign_div_unsign_8kh:divider|alt_u_div_qee:divider ; alt_u_div_qee       ; work         ;
+----------------------------------------+---------------------+---------------------------+-------------+------------+--------------+---------+-----------+------+--------------+------------+------------------------------------------------------------------------------------------------------------+---------------------+--------------+
Note: For table entries with two numbers listed, the numbers in parentheses indicate the number of resources of the given type used by the specific entity alone. The numbers listed outside of parentheses indicate the total resources of the given type used by the specific entity and all of its sub-entities in the hierarchy.


+-------------------------------------------------------------------------------+
; Registers Removed During Synthesis                                            ;
+----------------------------------------+--------------------------------------+
; Register name                          ; Reason for Removal                   ;
+----------------------------------------+--------------------------------------+
; LED_SEG_OUTPUT:o1|seg~0                ; Stuck at GND due to stuck port clock ;
; LED_SEG_OUTPUT:o1|seg~1                ; Stuck at GND due to stuck port clock ;
; LED_SEG_OUTPUT:o1|seg~2                ; Stuck at GND due to stuck port clock ;
; LED_SEG_OUTPUT:o1|seg~3                ; Stuck at GND due to stuck port clock ;
; LED_SEG_OUTPUT:o1|seg~4                ; Stuck at GND due to stuck port clock ;
; LED_SEG_OUTPUT:o1|seg~5                ; Stuck at GND due to stuck port clock ;
; LED_SEG_OUTPUT:o1|seg~6                ; Stuck at GND due to stuck port clock ;
; LED_SEG_OUTPUT:o1|seg~7                ; Stuck at GND due to stuck port clock ;
; LED_SEG_OUTPUT:o1|seg~8                ; Stuck at GND due to stuck port clock ;
; LED_SEG_OUTPUT:o1|seg~9                ; Stuck at GND due to stuck port clock ;
; LED_SEG_OUTPUT:o1|seg~10               ; Stuck at GND due to stuck port clock ;
; LED_SEG_OUTPUT:o1|seg~11               ; Stuck at GND due to stuck port clock ;
; LED_SEG_OUTPUT:o1|seg~12               ; Stuck at GND due to stuck port clock ;
; LED_SEG_OUTPUT:o1|seg~13               ; Stuck at GND due to stuck port clock ;
; LED_SEG_OUTPUT:o1|seg~14               ; Stuck at GND due to stuck port clock ;
; LED_SEG_OUTPUT:o1|seg~15               ; Stuck at GND due to stuck port clock ;
; LED_SEG_OUTPUT:o1|seg~16               ; Stuck at GND due to stuck port clock ;
; LED_SEG_OUTPUT:o1|seg~17               ; Stuck at GND due to stuck port clock ;
; LED_SEG_OUTPUT:o1|seg~18               ; Stuck at GND due to stuck port clock ;
; LED_SEG_OUTPUT:o1|seg~19               ; Stuck at GND due to stuck port clock ;
; LED_SEG_OUTPUT:o1|seg~20               ; Stuck at GND due to stuck port clock ;
; LED_SEG_OUTPUT:o1|seg~21               ; Stuck at GND due to stuck port clock ;
; LED_SEG_OUTPUT:o1|seg~22               ; Stuck at GND due to stuck port clock ;
; LED_SEG_OUTPUT:o1|seg~23               ; Stuck at GND due to stuck port clock ;
; LED_SEG_OUTPUT:o1|seg~24               ; Stuck at GND due to stuck port clock ;
; LED_SEG_OUTPUT:o1|seg~25               ; Stuck at GND due to stuck port clock ;
; LED_SEG_OUTPUT:o1|seg~26               ; Stuck at GND due to stuck port clock ;
; LED_SEG_OUTPUT:o1|seg~27               ; Stuck at GND due to stuck port clock ;
; LED_SEG_OUTPUT:o1|seg~28               ; Stuck at GND due to stuck port clock ;
; LED_SEG_OUTPUT:o1|seg~29               ; Stuck at GND due to stuck port clock ;
; LED_SEG_OUTPUT:o1|seg~30               ; Stuck at GND due to stuck port clock ;
; LED_SEG_OUTPUT:o1|seg~31               ; Stuck at GND due to stuck port clock ;
; LED_SEG_OUTPUT:o1|seg~32               ; Stuck at GND due to stuck port clock ;
; LED_SEG_OUTPUT:o1|seg~33               ; Stuck at GND due to stuck port clock ;
; LED_SEG_OUTPUT:o1|seg~34               ; Stuck at GND due to stuck port clock ;
; LED_SEG_OUTPUT:o1|seg~35               ; Stuck at GND due to stuck port clock ;
; LED_SEG_OUTPUT:o1|seg~36               ; Stuck at GND due to stuck port clock ;
; LED_SEG_OUTPUT:o1|seg~37               ; Stuck at GND due to stuck port clock ;
; LED_SEG_OUTPUT:o1|seg~38               ; Stuck at GND due to stuck port clock ;
; LED_SEG_OUTPUT:o1|seg~39               ; Stuck at GND due to stuck port clock ;
; LED_SEG_OUTPUT:o1|seg~40               ; Stuck at GND due to stuck port clock ;
; LED_SEG_OUTPUT:o1|seg~41               ; Stuck at GND due to stuck port clock ;
; LED_SEG_OUTPUT:o1|seg~42               ; Stuck at GND due to stuck port clock ;
; LED_SEG_OUTPUT:o1|seg~43               ; Stuck at GND due to stuck port clock ;
; LED_SEG_OUTPUT:o1|seg~44               ; Stuck at GND due to stuck port clock ;
; LED_SEG_OUTPUT:o1|seg~45               ; Stuck at GND due to stuck port clock ;
; LED_SEG_OUTPUT:o1|seg~46               ; Stuck at GND due to stuck port clock ;
; LED_SEG_OUTPUT:o1|seg~47               ; Stuck at GND due to stuck port clock ;
; LED_SEG_OUTPUT:o1|seg~48               ; Stuck at GND due to stuck port clock ;
; LED_SEG_OUTPUT:o1|seg~49               ; Stuck at GND due to stuck port clock ;
; LED_SEG_OUTPUT:o1|seg~50               ; Stuck at GND due to stuck port clock ;
; LED_SEG_OUTPUT:o1|seg~51               ; Stuck at GND due to stuck port clock ;
; LED_SEG_OUTPUT:o1|seg~52               ; Stuck at GND due to stuck port clock ;
; LED_SEG_OUTPUT:o1|seg~53               ; Stuck at GND due to stuck port clock ;
; LED_SEG_OUTPUT:o1|seg~54               ; Stuck at GND due to stuck port clock ;
; LED_SEG_OUTPUT:o1|seg~55               ; Stuck at GND due to stuck port clock ;
; LED_SEG_OUTPUT:o1|seg~56               ; Stuck at GND due to stuck port clock ;
; LED_SEG_OUTPUT:o1|seg~57               ; Stuck at GND due to stuck port clock ;
; LED_SEG_OUTPUT:o1|seg~58               ; Stuck at GND due to stuck port clock ;
; LED_SEG_OUTPUT:o1|seg~59               ; Stuck at GND due to stuck port clock ;
; LED_SEG_OUTPUT:o1|seg~60               ; Stuck at GND due to stuck port clock ;
; LED_SEG_OUTPUT:o1|seg~61               ; Stuck at GND due to stuck port clock ;
; LED_SEG_OUTPUT:o1|seg~62               ; Stuck at GND due to stuck port clock ;
; LED_SEG_OUTPUT:o1|seg~63               ; Stuck at GND due to stuck port clock ;
; LED_SEG_OUTPUT:o1|seg~64               ; Stuck at GND due to stuck port clock ;
; LED_SEG_OUTPUT:o1|seg~65               ; Stuck at GND due to stuck port clock ;
; LED_SEG_OUTPUT:o1|seg~66               ; Stuck at GND due to stuck port clock ;
; LED_SEG_OUTPUT:o1|seg~67               ; Stuck at GND due to stuck port clock ;
; LED_SEG_OUTPUT:o1|seg~68               ; Stuck at GND due to stuck port clock ;
; LED_SEG_OUTPUT:o1|seg~69               ; Stuck at GND due to stuck port clock ;
; LED_SEG_OUTPUT:o1|seg~70               ; Stuck at GND due to stuck port clock ;
; LED_SEG_OUTPUT:o1|seg~71               ; Stuck at GND due to stuck port clock ;
; LED_SEG_OUTPUT:o1|seg~72               ; Stuck at GND due to stuck port clock ;
; LED_SEG_OUTPUT:o1|seg~73               ; Stuck at GND due to stuck port clock ;
; LED_SEG_OUTPUT:o1|seg~74               ; Stuck at GND due to stuck port clock ;
; LED_SEG_OUTPUT:o1|seg~75               ; Stuck at GND due to stuck port clock ;
; LED_SEG_OUTPUT:o1|seg~76               ; Stuck at GND due to stuck port clock ;
; LED_SEG_OUTPUT:o1|seg~77               ; Stuck at GND due to stuck port clock ;
; LED_SEG_OUTPUT:o1|seg~78               ; Stuck at GND due to stuck port clock ;
; LED_SEG_OUTPUT:o1|seg~79               ; Stuck at GND due to stuck port clock ;
; LED_SEG_OUTPUT:o1|seg~80               ; Stuck at GND due to stuck port clock ;
; LED_SEG_OUTPUT:o1|seg~81               ; Stuck at GND due to stuck port clock ;
; LED_SEG_OUTPUT:o1|seg~82               ; Stuck at GND due to stuck port clock ;
; LED_SEG_OUTPUT:o1|seg~83               ; Stuck at GND due to stuck port clock ;
; LED_SEG_OUTPUT:o1|seg~84               ; Stuck at GND due to stuck port clock ;
; LED_SEG_OUTPUT:o1|seg~85               ; Stuck at GND due to stuck port clock ;
; LED_SEG_OUTPUT:o1|seg~86               ; Stuck at GND due to stuck port clock ;
; LED_SEG_OUTPUT:o1|seg~87               ; Stuck at GND due to stuck port clock ;
; LED_SEG_OUTPUT:o1|seg~88               ; Stuck at GND due to stuck port clock ;
; LED_SEG_OUTPUT:o1|seg~89               ; Stuck at GND due to stuck port clock ;
; Total Number of Removed Registers = 90 ;                                      ;
+----------------------------------------+--------------------------------------+


+------------------------------------------------------+
; General Register Statistics                          ;
+----------------------------------------------+-------+
; Statistic                                    ; Value ;
+----------------------------------------------+-------+
; Total registers                              ; 31    ;
; Number of registers using Synchronous Clear  ; 20    ;
; Number of registers using Synchronous Load   ; 5     ;
; Number of registers using Asynchronous Clear ; 6     ;
; Number of registers using Asynchronous Load  ; 0     ;
; Number of registers using Clock Enable       ; 5     ;
; Number of registers using Preset             ; 0     ;
+----------------------------------------------+-------+


+--------------------------------------------------+
; Inverted Register Statistics                     ;
+----------------------------------------+---------+
; Inverted Register                      ; Fan out ;
+----------------------------------------+---------+
; chances[0]                             ; 5       ;
; chances[2]                             ; 10      ;
; Total number of inverted registers = 2 ;         ;
+----------------------------------------+---------+


+------------------------------------------------------------------+
; Parameter Settings for Inferred Entity Instance: lpm_divide:Div0 ;
+------------------------+----------------+------------------------+
; Parameter Name         ; Value          ; Type                   ;
+------------------------+----------------+------------------------+
; LPM_WIDTHN             ; 5              ; Untyped                ;
; LPM_WIDTHD             ; 4              ; Untyped                ;
; LPM_NREPRESENTATION    ; UNSIGNED       ; Untyped                ;
; LPM_DREPRESENTATION    ; UNSIGNED       ; Untyped                ;
; LPM_PIPELINE           ; 0              ; Untyped                ;
; LPM_REMAINDERPOSITIVE  ; TRUE           ; Untyped                ;
; MAXIMIZE_SPEED         ; 5              ; Untyped                ;
; CBXI_PARAMETER         ; lpm_divide_6sl ; Untyped                ;
; CARRY_CHAIN            ; MANUAL         ; Untyped                ;
; OPTIMIZE_FOR_SPEED     ; 5              ; Untyped                ;
; AUTO_CARRY_CHAINS      ; ON             ; AUTO_CARRY             ;
; IGNORE_CARRY_BUFFERS   ; OFF            ; IGNORE_CARRY           ;
; AUTO_CASCADE_CHAINS    ; ON             ; AUTO_CASCADE           ;
; IGNORE_CASCADE_BUFFERS ; OFF            ; IGNORE_CASCADE         ;
+------------------------+----------------+------------------------+
Note: In order to hide this table in the UI and the text report file, please set the "Show Parameter Settings in Synthesis Report" option in "Analysis and Synthesis Settings -> More Settings" to "Off".


+------------------------------------------------------------------+
; Parameter Settings for Inferred Entity Instance: lpm_divide:Mod0 ;
+------------------------+----------------+------------------------+
; Parameter Name         ; Value          ; Type                   ;
+------------------------+----------------+------------------------+
; LPM_WIDTHN             ; 5              ; Untyped                ;
; LPM_WIDTHD             ; 4              ; Untyped                ;
; LPM_NREPRESENTATION    ; UNSIGNED       ; Untyped                ;
; LPM_DREPRESENTATION    ; UNSIGNED       ; Untyped                ;
; LPM_PIPELINE           ; 0              ; Untyped                ;
; LPM_REMAINDERPOSITIVE  ; TRUE           ; Untyped                ;
; MAXIMIZE_SPEED         ; 5              ; Untyped                ;
; CBXI_PARAMETER         ; lpm_divide_9kl ; Untyped                ;
; CARRY_CHAIN            ; MANUAL         ; Untyped                ;
; OPTIMIZE_FOR_SPEED     ; 5              ; Untyped                ;
; AUTO_CARRY_CHAINS      ; ON             ; AUTO_CARRY             ;
; IGNORE_CARRY_BUFFERS   ; OFF            ; IGNORE_CARRY           ;
; AUTO_CASCADE_CHAINS    ; ON             ; AUTO_CASCADE           ;
; IGNORE_CASCADE_BUFFERS ; OFF            ; IGNORE_CASCADE         ;
+------------------------+----------------+------------------------+
Note: In order to hide this table in the UI and the text report file, please set the "Show Parameter Settings in Synthesis Report" option in "Analysis and Synthesis Settings -> More Settings" to "Off".


+---------------------------------------------------------------------------------------------------------------------+
; Port Connectivity Checks: "debounce:k1"                                                                             ;
+-----------+--------+----------+-------------------------------------------------------------------------------------+
; Port      ; Type   ; Severity ; Details                                                                             ;
+-----------+--------+----------+-------------------------------------------------------------------------------------+
; keyout[1] ; Output ; Info     ; Connected to dangling logic. Logic that only feeds a dangling port will be removed. ;
+-----------+--------+----------+-------------------------------------------------------------------------------------+


+--------------------------------------------------------------------------------------------------------------------------------------------------------------------------------------------------------------+
; Port Connectivity Checks: "LED_SEG_OUTPUT:o1"                                                                                                                                                                ;
+------+-------+----------+------------------------------------------------------------------------------------------------------------------------------------------------------------------------------------+
; Port ; Type  ; Severity ; Details                                                                                                                                                                            ;
+------+-------+----------+------------------------------------------------------------------------------------------------------------------------------------------------------------------------------------+
; num1 ; Input ; Warning  ; Input port expression (32 bits) is wider than the input port (4 bits) it drives.  The 28 most-significant bit(s) in the expression will be dangling if they have no other fanouts. ;
; num2 ; Input ; Warning  ; Input port expression (32 bits) is wider than the input port (4 bits) it drives.  The 28 most-significant bit(s) in the expression will be dangling if they have no other fanouts. ;
+------+-------+----------+------------------------------------------------------------------------------------------------------------------------------------------------------------------------------------+


+-----------------------------------------------------+
; Post-Synthesis Netlist Statistics for Top Partition ;
+-----------------------+-----------------------------+
; Type                  ; Count                       ;
+-----------------------+-----------------------------+
; boundary_port         ; 38                          ;
; cycloneiii_ff         ; 31                          ;
;     CLR               ; 1                           ;
;     ENA CLR SLD       ; 5                           ;
;     SCLR              ; 20                          ;
;     plain             ; 5                           ;
; cycloneiii_lcell_comb ; 106                         ;
;     arith             ; 37                          ;
;         1 data inputs ; 1                           ;
;         2 data inputs ; 28                          ;
;         3 data inputs ; 8                           ;
;     normal            ; 69                          ;
;         0 data inputs ; 6                           ;
;         1 data inputs ; 19                          ;
;         2 data inputs ; 22                          ;
;         3 data inputs ; 4                           ;
;         4 data inputs ; 18                          ;
;                       ;                             ;
; Max LUT depth         ; 6.70                        ;
; Average LUT depth     ; 3.78                        ;
+-----------------------+-----------------------------+


+-------------------------------+
; Elapsed Time Per Partition    ;
+----------------+--------------+
; Partition Name ; Elapsed Time ;
+----------------+--------------+
; Top            ; 00:00:00     ;
+----------------+--------------+


+-------------------------------+
; Analysis & Synthesis Messages ;
+-------------------------------+
Info: *******************************************************************
Info: Running Quartus Prime Analysis & Synthesis
    Info: Version 20.1.1 Build 720 11/11/2020 SJ Lite Edition
    Info: Processing started: Sat Oct 09 16:15:02 2021
Info: Command: quartus_map --read_settings_files=on --write_settings_files=off BitLocker -c BitLocker
Warning (18236): Number of processors has not been specified which may cause overloading on shared machines.  Set the global assignment NUM_PARALLEL_PROCESSORS in your QSF to an appropriate value for best performance.
Info (20030): Parallel compilation is enabled and will use 8 of the 8 processors detected
Info (12021): Found 3 design units, including 3 entities, in source file bitlocker.v
    Info (12023): Found entity 1: debounce File: D:/works/FPGA/BitLocker/BitLocker.v Line: 3
    Info (12023): Found entity 2: LED_SEG_OUTPUT File: D:/works/FPGA/BitLocker/BitLocker.v Line: 41
    Info (12023): Found entity 3: BitLocker File: D:/works/FPGA/BitLocker/BitLocker.v Line: 67
Info (12127): Elaborating entity "BitLocker" for the top level hierarchy
Warning (10036): Verilog HDL or VHDL warning at BitLocker.v(84): object "setFlag" assigned a value but never read File: D:/works/FPGA/BitLocker/BitLocker.v Line: 84
Info (12128): Elaborating entity "LED_SEG_OUTPUT" for hierarchy "LED_SEG_OUTPUT:o1" File: D:/works/FPGA/BitLocker/BitLocker.v Line: 129
Warning (10030): Net "seg.data_a" at BitLocker.v(47) has no driver or initial value, using a default initial value '0' File: D:/works/FPGA/BitLocker/BitLocker.v Line: 47
Warning (10030): Net "seg.waddr_a" at BitLocker.v(47) has no driver or initial value, using a default initial value '0' File: D:/works/FPGA/BitLocker/BitLocker.v Line: 47
Warning (10030): Net "seg.we_a" at BitLocker.v(47) has no driver or initial value, using a default initial value '0' File: D:/works/FPGA/BitLocker/BitLocker.v Line: 47
Info (12128): Elaborating entity "debounce" for hierarchy "debounce:k1" File: D:/works/FPGA/BitLocker/BitLocker.v Line: 134
Critical Warning (127005): Memory depth (16) in the design file differs from memory depth (10) in the Memory Initialization File "D:/works/FPGA/BitLocker/db/BitLocker.ram0_LED_SEG_OUTPUT_5c43c389.hdl.mif" -- setting initial value for remaining addresses to 0
Info (276014): Found 1 instances of uninferred RAM logic
    Info (276013): RAM logic "LED_SEG_OUTPUT:o1|seg" is uninferred because MIF is not supported for the selected family File: D:/works/FPGA/BitLocker/BitLocker.v Line: 47
Info (278001): Inferred 2 megafunctions from design logic
    Info (278004): Inferred divider/modulo megafunction ("lpm_divide") from the following logic: "Div0" File: D:/works/FPGA/BitLocker/BitLocker.v Line: 126
    Info (278004): Inferred divider/modulo megafunction ("lpm_divide") from the following logic: "Mod0" File: D:/works/FPGA/BitLocker/BitLocker.v Line: 127
Info (12130): Elaborated megafunction instantiation "lpm_divide:Div0" File: D:/works/FPGA/BitLocker/BitLocker.v Line: 126
Info (12133): Instantiated megafunction "lpm_divide:Div0" with the following parameter: File: D:/works/FPGA/BitLocker/BitLocker.v Line: 126
    Info (12134): Parameter "LPM_WIDTHN" = "5"
    Info (12134): Parameter "LPM_WIDTHD" = "4"
    Info (12134): Parameter "LPM_NREPRESENTATION" = "UNSIGNED"
    Info (12134): Parameter "LPM_DREPRESENTATION" = "UNSIGNED"
Info (12021): Found 1 design units, including 1 entities, in source file db/lpm_divide_6sl.tdf
    Info (12023): Found entity 1: lpm_divide_6sl File: D:/works/FPGA/BitLocker/db/lpm_divide_6sl.tdf Line: 25
Info (12021): Found 1 design units, including 1 entities, in source file db/sign_div_unsign_8kh.tdf
    Info (12023): Found entity 1: sign_div_unsign_8kh File: D:/works/FPGA/BitLocker/db/sign_div_unsign_8kh.tdf Line: 25
Info (12021): Found 1 design units, including 1 entities, in source file db/alt_u_div_qee.tdf
    Info (12023): Found entity 1: alt_u_div_qee File: D:/works/FPGA/BitLocker/db/alt_u_div_qee.tdf Line: 27
Info (12021): Found 1 design units, including 1 entities, in source file db/add_sub_t3c.tdf
    Info (12023): Found entity 1: add_sub_t3c File: D:/works/FPGA/BitLocker/db/add_sub_t3c.tdf Line: 23
Info (12021): Found 1 design units, including 1 entities, in source file db/add_sub_u3c.tdf
    Info (12023): Found entity 1: add_sub_u3c File: D:/works/FPGA/BitLocker/db/add_sub_u3c.tdf Line: 23
Info (12130): Elaborated megafunction instantiation "lpm_divide:Mod0" File: D:/works/FPGA/BitLocker/BitLocker.v Line: 127
Info (12133): Instantiated megafunction "lpm_divide:Mod0" with the following parameter: File: D:/works/FPGA/BitLocker/BitLocker.v Line: 127
    Info (12134): Parameter "LPM_WIDTHN" = "5"
    Info (12134): Parameter "LPM_WIDTHD" = "4"
    Info (12134): Parameter "LPM_NREPRESENTATION" = "UNSIGNED"
    Info (12134): Parameter "LPM_DREPRESENTATION" = "UNSIGNED"
Info (12021): Found 1 design units, including 1 entities, in source file db/lpm_divide_9kl.tdf
    Info (12023): Found entity 1: lpm_divide_9kl File: D:/works/FPGA/BitLocker/db/lpm_divide_9kl.tdf Line: 25
Warning (12241): 1 hierarchies have connectivity warnings - see the Connectivity Checks report folder
Warning (13024): Output pins are stuck at VCC or GND
    Warning (13410): Pin "RGBLED1[0]" is stuck at VCC File: D:/works/FPGA/BitLocker/BitLocker.v Line: 74
    Warning (13410): Pin "RGBLED2[0]" is stuck at VCC File: D:/works/FPGA/BitLocker/BitLocker.v Line: 75
    Warning (13410): Pin "ledSeg1[1]" is stuck at VCC File: D:/works/FPGA/BitLocker/BitLocker.v Line: 77
    Warning (13410): Pin "ledSeg1[7]" is stuck at GND File: D:/works/FPGA/BitLocker/BitLocker.v Line: 77
    Warning (13410): Pin "ledSeg1[8]" is stuck at GND File: D:/works/FPGA/BitLocker/BitLocker.v Line: 77
    Warning (13410): Pin "ledSeg2[7]" is stuck at GND File: D:/works/FPGA/BitLocker/BitLocker.v Line: 78
    Warning (13410): Pin "ledSeg2[8]" is stuck at GND File: D:/works/FPGA/BitLocker/BitLocker.v Line: 78
    Warning (13410): Pin "ledset" is stuck at VCC File: D:/works/FPGA/BitLocker/BitLocker.v Line: 79
    Warning (13410): Pin "ledtest" is stuck at VCC File: D:/works/FPGA/BitLocker/BitLocker.v Line: 80
Info (286030): Timing-Driven Synthesis is running
Info (17016): Found the following redundant logic cells in design
    Info (17048): Logic cell "lpm_divide:Mod0|lpm_divide_9kl:auto_generated|sign_div_unsign_8kh:divider|alt_u_div_qee:divider|add_sub_4_result_int[0]~0" File: D:/works/FPGA/BitLocker/db/alt_u_div_qee.tdf Line: 47
Info (16010): Generating hard_block partition "hard_block:auto_generated_inst"
    Info (16011): Adding 0 node(s), including 0 DDIO, 0 PLL, 0 transceiver and 0 LCELL
Warning (21074): Design contains 1 input pin(s) that do not drive logic
    Warning (15610): No output dependent on input pin "keyrst[0]" File: D:/works/FPGA/BitLocker/BitLocker.v Line: 70
Info (21057): Implemented 132 device resources after synthesis - the final resource count might be different
    Info (21058): Implemented 8 input pins
    Info (21059): Implemented 30 output pins
    Info (21061): Implemented 94 logic cells
Info: Quartus Prime Analysis & Synthesis was successful. 0 errors, 19 warnings
    Info: Peak virtual memory: 4807 megabytes
    Info: Processing ended: Sat Oct 09 16:15:10 2021
    Info: Elapsed time: 00:00:08
    Info: Total CPU time (on all processors): 00:00:20


